This is pdfTeX, Version 3.14159265-2.6-1.40.16 (TeX Live 2016/dev) (preloaded format=pdflatex 2015.9.5)  12 OCT 2015 15:03
entering extended mode
 restricted \write18 enabled.
 %&-line parsing enabled.
**"Functional Analysis.tex"
(./Functional Analysis.tex
LaTeX2e <2015/01/01> patch level 2
Babel <3.9l> and hyphenation patterns for 2 languages loaded.
(/usr/share/texlive/texmf-dist/tex/latex/base/article.cls
Document Class: article 2014/09/29 v1.4h Standard LaTeX document class
(/usr/share/texlive/texmf-dist/tex/latex/base/size12.clo
File: size12.clo 2014/09/29 v1.4h Standard LaTeX file (size option)
)
\c@part=\count79
\c@section=\count80
\c@subsection=\count81
\c@subsubsection=\count82
\c@paragraph=\count83
\c@subparagraph=\count84
\c@figure=\count85
\c@table=\count86
\abovecaptionskip=\skip41
\belowcaptionskip=\skip42
\bibindent=\dimen102
)
(/usr/share/texlive/texmf-dist/tex/latex/amsmath/amsmath.sty
Package: amsmath 2013/01/14 v2.14 AMS math features
\@mathmargin=\skip43

For additional information on amsmath, use the `?' option.
(/usr/share/texlive/texmf-dist/tex/latex/amsmath/amstext.sty
Package: amstext 2000/06/29 v2.01

(/usr/share/texlive/texmf-dist/tex/latex/amsmath/amsgen.sty
File: amsgen.sty 1999/11/30 v2.0
\@emptytoks=\toks14
\ex@=\dimen103
))
(/usr/share/texlive/texmf-dist/tex/latex/amsmath/amsbsy.sty
Package: amsbsy 1999/11/29 v1.2d
\pmbraise@=\dimen104
)
(/usr/share/texlive/texmf-dist/tex/latex/amsmath/amsopn.sty
Package: amsopn 1999/12/14 v2.01 operator names
)
\inf@bad=\count87
LaTeX Info: Redefining \frac on input line 210.
\uproot@=\count88
\leftroot@=\count89
LaTeX Info: Redefining \overline on input line 306.
\classnum@=\count90
\DOTSCASE@=\count91
LaTeX Info: Redefining \ldots on input line 378.
LaTeX Info: Redefining \dots on input line 381.
LaTeX Info: Redefining \cdots on input line 466.
\Mathstrutbox@=\box26
\strutbox@=\box27
\big@size=\dimen105
LaTeX Font Info:    Redeclaring font encoding OML on input line 566.
LaTeX Font Info:    Redeclaring font encoding OMS on input line 567.
\macc@depth=\count92
\c@MaxMatrixCols=\count93
\dotsspace@=\muskip10
\c@parentequation=\count94
\dspbrk@lvl=\count95
\tag@help=\toks15
\row@=\count96
\column@=\count97
\maxfields@=\count98
\andhelp@=\toks16
\eqnshift@=\dimen106
\alignsep@=\dimen107
\tagshift@=\dimen108
\tagwidth@=\dimen109
\totwidth@=\dimen110
\lineht@=\dimen111
\@envbody=\toks17
\multlinegap=\skip44
\multlinetaggap=\skip45
\mathdisplay@stack=\toks18
LaTeX Info: Redefining \[ on input line 2665.
LaTeX Info: Redefining \] on input line 2666.
)
(/usr/share/texlive/texmf-dist/tex/latex/tools/enumerate.sty
Package: enumerate 2014/10/28 v3.00 enumerate extensions (DPC)
\@enLab=\toks19
)
(/usr/share/texlive/texmf-dist/tex/latex/jknapltx/mathrsfs.sty
Package: mathrsfs 1996/01/01 Math RSFS package v1.0 (jk)
\symrsfs=\mathgroup4
)
(/usr/share/texlive/texmf-dist/tex/latex/amscls/amsthm.sty
Package: amsthm 2015/03/04 v2.20.2
\thm@style=\toks20
\thm@bodyfont=\toks21
\thm@headfont=\toks22
\thm@notefont=\toks23
\thm@headpunct=\toks24
\thm@preskip=\skip46
\thm@postskip=\skip47
\thm@headsep=\skip48
\dth@everypar=\toks25
)
(/usr/share/texlive/texmf-dist/tex/latex/amsfonts/amsfonts.sty
Package: amsfonts 2013/01/14 v3.01 Basic AMSFonts support
\symAMSa=\mathgroup5
\symAMSb=\mathgroup6
LaTeX Font Info:    Overwriting math alphabet `\mathfrak' in version `bold'
(Font)                  U/euf/m/n --> U/euf/b/n on input line 106.
)
(/usr/share/texlive/texmf-dist/tex/latex/amsfonts/amssymb.sty
Package: amssymb 2013/01/14 v3.01 AMS font symbols
)
(/usr/share/texlive/texmf-dist/tex/latex/base/latexsym.sty
Package: latexsym 1998/08/17 v2.2e Standard LaTeX package (lasy symbols)
\symlasy=\mathgroup7
LaTeX Font Info:    Overwriting symbol font `lasy' in version `bold'
(Font)                  U/lasy/m/n --> U/lasy/b/n on input line 52.
)
(/usr/share/texlive/texmf-dist/tex/generic/xypic/xy.sty
(/usr/share/texlive/texmf-dist/tex/generic/xypic/xy.tex Bootstrap'ing:
catcodes, docmode, (/usr/share/texlive/texmf-dist/tex/generic/xypic/xyrecat.tex
) (/usr/share/texlive/texmf-dist/tex/generic/xypic/xyidioms.tex)

 Xy-pic version 3.8.9 <2013/10/06>
 Copyright (c) 1991-2013 by Kristoffer H. Rose <krisrose@tug.org> and others
 Xy-pic is free software: see the User's Guide for details.

Loading kernel: messages; fonts; allocations: state,
\X@c=\dimen112
\Y@c=\dimen113
\U@c=\dimen114
\D@c=\dimen115
\L@c=\dimen116
\R@c=\dimen117
\Edge@c=\toks26
\X@p=\dimen118
\Y@p=\dimen119
\U@p=\dimen120
\D@p=\dimen121
\L@p=\dimen122
\R@p=\dimen123
\Edge@p=\toks27
\X@origin=\dimen124
\Y@origin=\dimen125
\X@xbase=\dimen126
\Y@xbase=\dimen127
\X@ybase=\dimen128
\Y@ybase=\dimen129
\X@min=\dimen130
\Y@min=\dimen131
\X@max=\dimen132
\Y@max=\dimen133
\lastobjectbox@=\box28
\zerodotbox@=\box29
\almostz@=\dimen134
 direction,
\d@X=\dimen135
\d@Y=\dimen136
\K@=\count99
\KK@=\count100
\Direction=\count101
\K@dXdY=\dimen137
\K@dYdX=\dimen138
\xyread@=\read1
\xywrite@=\write3
\csp@=\count102
\quotPTK@=\dimen139

utility macros; pictures: \xy, positions,
\swaptoks@@=\toks28
\connectobjectbox@@=\box30
 objects,
\styletoks@=\toks29
 decorations;
kernel objects: directionals, circles, text; options; algorithms: directions,
edges, connections;  Xy-pic loaded)
(/usr/share/texlive/texmf-dist/tex/generic/oberdiek/ifpdf.sty
Package: ifpdf 2011/01/30 v2.3 Provides the ifpdf switch (HO)
Package ifpdf Info: pdfTeX in PDF mode is detected.
)
Package: xy 2013/10/06 Xy-pic version 3.8.9

(/usr/share/texlive/texmf-dist/tex/generic/xypic/xymatrix.tex
 Xy-pic option: Matrix feature v.3.14
\Row=\count103
\Col=\count104
\queue@=\toks30
\queue@@=\toks31
\qcount@=\count105
\qcount@@=\count106
\matrixsize@=\count107
 loaded)
(/usr/share/texlive/texmf-dist/tex/generic/xypic/xytips.tex
 Xy-pic option: More Tips extension v.3.11 loaded)
(/usr/share/texlive/texmf-dist/tex/generic/xypic/xygraph.tex
 Xy-pic option: Graph feature v.3.11
(/usr/share/texlive/texmf-dist/tex/generic/xypic/xyarrow.tex
 Xy-pic option: Arrow and Path feature v.3.9 path, \ar, loaded) loaded)
(/usr/share/texlive/texmf-dist/tex/generic/xypic/xycurve.tex
 Xy-pic option: Curve and Spline extension v.3.12 curve,
\crv@cnt@=\count108
\crvpts@=\toks32
\splinebox@=\box31
\splineval@=\dimen140
\splinedepth@=\dimen141
\splinetol@=\dimen142
\splinelength@=\dimen143
 circles,
\L@=\dimen144
 loaded)
(/usr/share/texlive/texmf-dist/tex/generic/xypic/xypdf.tex
 Xy-pic option: PDF driver v.1.7 Xy-pic pdf driver: `curve' extension support
(/usr/share/texlive/texmf-dist/tex/generic/xypic/xypdf-cu.tex loaded) loaded))
(./Functional Analysis.aux)
\openout1 = `"Functional Analysis.aux"'.

LaTeX Font Info:    Checking defaults for OML/cmm/m/it on input line 179.
LaTeX Font Info:    ... okay on input line 179.
LaTeX Font Info:    Checking defaults for T1/cmr/m/n on input line 179.
LaTeX Font Info:    ... okay on input line 179.
LaTeX Font Info:    Checking defaults for OT1/cmr/m/n on input line 179.
LaTeX Font Info:    ... okay on input line 179.
LaTeX Font Info:    Checking defaults for OMS/cmsy/m/n on input line 179.
LaTeX Font Info:    ... okay on input line 179.
LaTeX Font Info:    Checking defaults for OMX/cmex/m/n on input line 179.
LaTeX Font Info:    ... okay on input line 179.
LaTeX Font Info:    Checking defaults for U/cmr/m/n on input line 179.
LaTeX Font Info:    ... okay on input line 179.
LaTeX Font Info:    Try loading font information for U+rsfs on input line 179.

(/usr/share/texlive/texmf-dist/tex/latex/jknapltx/ursfs.fd
File: ursfs.fd 1998/03/24 rsfs font definition file (jk)
)
LaTeX Font Info:    Try loading font information for U+msa on input line 179.

(/usr/share/texlive/texmf-dist/tex/latex/amsfonts/umsa.fd
File: umsa.fd 2013/01/14 v3.01 AMS symbols A
)
LaTeX Font Info:    Try loading font information for U+msb on input line 179.

(/usr/share/texlive/texmf-dist/tex/latex/amsfonts/umsb.fd
File: umsb.fd 2013/01/14 v3.01 AMS symbols B
)
LaTeX Font Info:    Try loading font information for U+lasy on input line 179.

(/usr/share/texlive/texmf-dist/tex/latex/base/ulasy.fd
File: ulasy.fd 1998/08/17 v2.2e LaTeX symbol font definitions
)
Package xypdf Info: Line width: 0.47998pt on input line 179.

(./Functional Analysis.toc)
\tf@toc=\write4
\openout4 = `"Functional Analysis.toc"'.

 [1

{/usr/share/texlive/texmf-dist/fonts/map/pdftex/updmap/pdftex.map}] [2]
Overfull \hbox (4.10703pt too wide) in paragraph at lines 260--261
 \OT1/cmr/bx/n/12 Ex-am-ples[] $\OMS/cmsy/m/n/12 L[]\OT1/cmr/m/n/12 [\OML/cmm/m
/it/12 a; b\OT1/cmr/m/n/12 ]$ the square-integrable func-tions with in-ner prod
-uct $(\OML/cmm/m/it/12 f; g\OT1/cmr/m/n/12 ) =
 []

[3] [4] [5]
Overfull \hbox (1.54399pt too wide) in paragraph at lines 369--370
 \OT1/cmr/bx/n/12 Non-example[] $\OML/cmm/m/it/12 ^^T\OT1/cmr/m/n/12 (\U/msb/m/
n/12 R\OT1/cmr/m/n/12 ) = \OMS/cmsy/m/n/12 f[]g$\OT1/cmr/m/n/12 , but its
 []


Overfull \hbox (7.00092pt too wide) in paragraph at lines 369--370
\OT1/cmr/m/n/12 com-ple-tion (is it true?) $\OML/cmm/m/it/12 C[]\OT1/cmr/m/n/12
 (\U/msb/m/n/12 R\OT1/cmr/m/n/12 ) = \OMS/cmsy/m/n/12 f[]g$
 []

[6] [7] [8]
Overfull \hbox (0.5866pt too wide) in paragraph at lines 432--432
[] 
 []

[9] [10] [11]
Overfull \hbox (7.93355pt too wide) in paragraph at lines 525--526
 \OT1/cmr/bx/n/12 Step 3[] \OT1/cmr/m/n/12 De-fine $\OML/cmm/m/it/12 B\OT1/cmr/
m/n/12 (\OML/cmm/m/it/12 x; y\OT1/cmr/m/n/12 ) = [][](\OML/cmm/m/it/12 T[]x; y\
OT1/cmr/m/n/12 )$. $\OML/cmm/m/it/12 B$ \OT1/cmr/m/n/12 is sesquilin-ear and bo
unded.
 []

[12] [13] [14]
Overfull \hbox (56.9121pt too wide) in paragraph at lines 618--619
[]\OT1/cmr/m/n/12 Suppose $\OML/cmm/m/it/12 A$ \OT1/cmr/m/n/12 is a Her-mi-tian
 ma-trix and $\OML/cmm/m/it/12 A \OT1/cmr/m/n/12 = ^^H^^C^^H[]$. Then $\OML/cmm
/m/it/12 f\OT1/cmr/m/n/12 (^^C) = [][\OML/cmm/m/it/12 f\OT1/cmr/m/n/12 (\OML/cm
m/m/it/12 ^^U[]\OT1/cmr/m/n/12 )\OML/cmm/m/it/12 ; []  ; f\OT1/cmr/m/n/12 (\OML
/cmm/m/it/12 ^^U[]\OT1/cmr/m/n/12 )]$.
 []

[15]
Overfull \hbox (149.1859pt too wide) detected at line 640
\OMS/cmsy/m/n/12 k\OML/cmm/m/it/12 P\OT1/cmr/m/n/12 (\OML/cmm/m/it/12 A\OT1/cmr
/m/n/12 )\OMS/cmsy/m/n/12 k[] \OT1/cmr/m/n/12 = \OMS/cmsy/m/n/12 k\OML/cmm/m/it
/12 P\OT1/cmr/m/n/12 (\OML/cmm/m/it/12 A\OT1/cmr/m/n/12 )[]\OML/cmm/m/it/12 P\O
T1/cmr/m/n/12 (\OML/cmm/m/it/12 A\OT1/cmr/m/n/12 )\OMS/cmsy/m/n/12 k \OT1/cmr/m
/n/12 = \OMS/cmsy/m/n/12 k[]\OT1/cmr/m/n/12 (\OML/cmm/m/it/12 A\OT1/cmr/m/n/12 
)\OML/cmm/m/it/12 P\OT1/cmr/m/n/12 (\OML/cmm/m/it/12 A\OT1/cmr/m/n/12 )\OMS/cms
y/m/n/12 k \OT1/cmr/m/n/12 = \OMS/cmsy/m/n/12 k\OT1/cmr/m/n/12 ([]\OML/cmm/m/it
/12 P\OT1/cmr/m/n/12 )(\OML/cmm/m/it/12 A\OT1/cmr/m/n/12 )\OMS/cmsy/m/n/12 k \O
T1/cmr/m/n/12 = [] \OMS/cmsy/m/n/12 j\OML/cmm/m/it/12 ^^U\OMS/cmsy/m/n/12 j \OT
1/cmr/m/n/12 = [] \OMS/cmsy/m/n/12 j[]\OML/cmm/m/it/12 P\OT1/cmr/m/n/12 (\OML/c
mm/m/it/12 ^^V\OT1/cmr/m/n/12 )\OMS/cmsy/m/n/12 j \OT1/cmr/m/n/12 = ([] \OMS/cm
sy/m/n/12 j\OML/cmm/m/it/12 P\OT1/cmr/m/n/12 (\OML/cmm/m/it/12 ^^V\OT1/cmr/m/n/
12 )\OMS/cmsy/m/n/12 j\OT1/cmr/m/n/12 )[]
 []

[16] [17] [18] (./Functional Analysis.aux) ) 
Here is how much of TeX's memory you used:
 3572 strings out of 495005
 41449 string characters out of 6181431
 134683 words of memory out of 5000000
 6767 multiletter control sequences out of 15000+600000
 17441 words of font info for 77 fonts, out of 8000000 for 9000
 14 hyphenation exceptions out of 8191
 27i,8n,27p,1412b,189s stack positions out of 5000i,500n,10000p,200000b,80000s
</usr/share/texlive/texmf-dist/font
s/type1/public/amsfonts/cm/cmbx12.pfb></usr/share/texlive/texmf-dist/fonts/type
1/public/amsfonts/cm/cmex10.pfb></usr/share/texlive/texmf-dist/fonts/type1/publ
ic/amsfonts/cm/cmmi12.pfb></usr/share/texlive/texmf-dist/fonts/type1/public/ams
fonts/cm/cmmi6.pfb></usr/share/texlive/texmf-dist/fonts/type1/public/amsfonts/c
m/cmmi8.pfb></usr/share/texlive/texmf-dist/fonts/type1/public/amsfonts/cm/cmr10
.pfb></usr/share/texlive/texmf-dist/fonts/type1/public/amsfonts/cm/cmr12.pfb></
usr/share/texlive/texmf-dist/fonts/type1/public/amsfonts/cm/cmr17.pfb></usr/sha
re/texlive/texmf-dist/fonts/type1/public/amsfonts/cm/cmr7.pfb></usr/share/texli
ve/texmf-dist/fonts/type1/public/amsfonts/cm/cmr8.pfb></usr/share/texlive/texmf
-dist/fonts/type1/public/amsfonts/cm/cmsy10.pfb></usr/share/texlive/texmf-dist/
fonts/type1/public/amsfonts/cm/cmsy6.pfb></usr/share/texlive/texmf-dist/fonts/t
ype1/public/amsfonts/cm/cmsy8.pfb></usr/share/texlive/texmf-dist/fonts/type1/pu
blic/amsfonts/cm/cmti12.pfb></usr/share/texlive/texmf-dist/fonts/type1/public/a
msfonts/symbols/msbm10.pfb></usr/share/texlive/texmf-dist/fonts/type1/public/rs
fs/rsfs10.pfb></usr/share/texlive/texmf-dist/fonts/type1/public/rsfs/rsfs5.pfb>

Output written on "Functional Analysis.pdf" (18 pages, 237261 bytes).
PDF statistics:
 130 PDF objects out of 1000 (max. 8388607)
 92 compressed objects within 1 object stream
 0 named destinations out of 1000 (max. 500000)
 1 words of extra memory for PDF output out of 10000 (max. 10000000)

